#
# There is insufficient memory for the Java Runtime Environment to continue.
# Native memory allocation (mmap) failed to map 264241152 bytes. Error detail: G1 virtual space
# Possible reasons:
#   The system is out of physical RAM or swap space
#   This process is running with CompressedOops enabled, and the Java Heap may be blocking the growth of the native heap
# Possible solutions:
#   Reduce memory load on the system
#   Increase physical memory or swap space
#   Check if swap backing store is full
#   Decrease Java heap size (-Xmx/-Xms)
#   Decrease number of Java threads
#   Decrease Java thread stack sizes (-Xss)
#   Set larger code cache with -XX:ReservedCodeCacheSize=
#   JVM is running with Zero Based Compressed Oops mode in which the Java heap is
#     placed in the first 32GB address space. The Java Heap base address is the
#     maximum limit for the native heap growth. Please use -XX:HeapBaseMinAddress
#     to set the Java Heap base and to place the Java Heap above 32GB virtual address.
# This output file may be truncated or incomplete.
#
#  Out of Memory Error (os_windows.cpp:3925), pid=53464, tid=13336
#
# JRE version:  (21.0.9+1) (build )
# Java VM: OpenJDK 64-Bit Server VM (21.0.9+1-b1163.86, mixed mode, sharing, tiered, compressed oops, compressed class ptrs, g1 gc, windows-amd64)
# No core dump will be written. Minidumps are not enabled by default on client versions of Windows
#

---------------  S U M M A R Y ------------

Command Line: externalApp.nativessh.NativeSshAskPassApp Enter passphrase for key '/c/Users/Mark/.ssh/id_ed25519': 

Host: 13th Gen Intel(R) Core(TM) i7-1355U, 12 cores, 15G,  Windows 11 , 64 bit Build 26100 (10.0.26100.7920)
Time: Tue Mar 31 08:01:48 2026 Mountain Daylight Time elapsed time: 0.171778 seconds (0d 0h 0m 0s)

---------------  T H R E A D  ---------------

Current thread (0x0000014a467244b0):  JavaThread "Unknown thread" [_thread_in_vm, id=13336, stack(0x0000001e28000000,0x0000001e28100000) (1024K)]

Stack: [0x0000001e28000000,0x0000001e28100000]
Native frames: (J=compiled Java code, j=interpreted, Vv=VM code, C=native code)
V  [jvm.dll+0x6ec339]
V  [jvm.dll+0x8cc463]
V  [jvm.dll+0x8cea7e]
V  [jvm.dll+0x8cf163]
V  [jvm.dll+0x28b006]
V  [jvm.dll+0x6e8b15]
V  [jvm.dll+0x6dc1aa]
V  [jvm.dll+0x366a7b]
V  [jvm.dll+0x36e666]
V  [jvm.dll+0x3c0bd6]
V  [jvm.dll+0x3c0ea8]
V  [jvm.dll+0x33922c]
V  [jvm.dll+0x339f1b]
V  [jvm.dll+0x893b29]
V  [jvm.dll+0x3cdda8]
V  [jvm.dll+0x87ca68]
V  [jvm.dll+0x462a4e]
V  [jvm.dll+0x464731]
C  [jli.dll+0x52ab]
C  [ucrtbase.dll+0x37b0]
C  [KERNEL32.DLL+0x2e8d7]
C  [ntdll.dll+0x8c48c]


---------------  P R O C E S S  ---------------

Threads class SMR info:
_java_thread_list=0x00007ffb090b52c8, length=0, elements={
}

Java Threads: ( => current thread )
Total: 0

Other Threads:
  0x0000014a48bf0920 WorkerThread "GC Thread#0"                     [id=54764, stack(0x0000001e28100000,0x0000001e28200000) (1024K)]
  0x0000014a48c01480 ConcurrentGCThread "G1 Main Marker"            [id=38820, stack(0x0000001e28200000,0x0000001e28300000) (1024K)]
  0x0000014a48c01f80 WorkerThread "G1 Conc#0"                       [id=69076, stack(0x0000001e28300000,0x0000001e28400000) (1024K)]

[error occurred during error reporting (printing all threads), id 0xc0000005, EXCEPTION_ACCESS_VIOLATION (0xc0000005) at pc=0x00007ffb0879c287]
VM state: not at safepoint (not fully initialized)

VM Mutex/Monitor currently owned by a thread:  ([mutex/lock_event])
[0x00007ffb09129e30] Heap_lock - owner thread: 0x0000014a467244b0

Heap address: 0x0000000704800000, size: 4024 MB, Compressed Oops mode: Zero based, Oop shift amount: 3

CDS archive(s) mapped at: [0x0000000000000000-0x0000000000000000-0x0000000000000000), size 0, SharedBaseAddress: 0x0000000800000000, ArchiveRelocationMode: 1.
Narrow klass base: 0x0000000000000000, Narrow klass shift: 0, Narrow klass range: 0x0

GC Precious Log:
 CardTable entry size: 512
 Card Set container configuration: InlinePtr #cards 4 size 8 Array Of Cards #cards 16 size 48 Howl #buckets 8 coarsen threshold 3686 Howl Bitmap #cards 512 size 80 coarsen threshold 460 Card regions per heap region 1 cards per card region 4096

Heap:
 garbage-first heap   total 0K, used 0K [0x0000000704800000, 0x0000000800000000)
  region size 2048K, 0 young (0K), 0 survivors (0K)
 Metaspace       used 0K, committed 0K, reserved 0K
  class space    used 0K, committed 0K, reserved 0K

Heap Regions: E=young(eden), S=young(survivor), O=old, HS=humongous(starts), HC=humongous(continues), CS=collection set, F=free, TAMS=top-at-mark-start, PB=parsable bottom

Card table byte_map: [0x0000014a5c910000,0x0000014a5d0f0000] _byte_map_base: 0x0000014a590ec000

Marking Bits: (CMBitMap*) 0x0000014a48bf1020
 Bits: [0x0000014a5d0f0000, 0x0000014a60fd0000)

GC Heap History (0 events):
No events

Dll operation events (1 events):
Event: 0.139 Loaded shared library C:\Users\Mark\AppData\Local\Programs\IntelliJ IDEA\jbr\bin\java.dll

Deoptimization events (0 events):
No events

Classes loaded (0 events):
No events

Classes unloaded (0 events):
No events

Classes redefined (0 events):
No events

Internal exceptions (0 events):
No events

ZGC Phase Switch (0 events):
No events

VM Operations (0 events):
No events

Memory protections (0 events):
No events

Nmethod flushes (0 events):
No events

Events (0 events):
No events


Dynamic libraries:
0x00007ff77ac40000 - 0x00007ff77ac4a000 	C:\Users\Mark\AppData\Local\Programs\IntelliJ IDEA\jbr\bin\java.exe
0x00007ffb936e0000 - 0x00007ffb93947000 	C:\WINDOWS\SYSTEM32\ntdll.dll
0x00007ffb922e0000 - 0x00007ffb923a9000 	C:\WINDOWS\System32\KERNEL32.DLL
0x00007ffb91080000 - 0x00007ffb91471000 	C:\WINDOWS\System32\KERNELBASE.dll
0x00007ffb90a50000 - 0x00007ffb90b9b000 	C:\WINDOWS\System32\ucrtbase.dll
0x00007ffb50b50000 - 0x00007ffb50b68000 	C:\Users\Mark\AppData\Local\Programs\IntelliJ IDEA\jbr\bin\jli.dll
0x00007ffb92110000 - 0x00007ffb922d5000 	C:\WINDOWS\System32\USER32.dll
0x00007ffb91050000 - 0x00007ffb91077000 	C:\WINDOWS\System32\win32u.dll
0x00007ffb91d60000 - 0x00007ffb91d8b000 	C:\WINDOWS\System32\GDI32.dll
0x00007ffb90e60000 - 0x00007ffb90f8b000 	C:\WINDOWS\System32\gdi32full.dll
0x00007ffb90db0000 - 0x00007ffb90e53000 	C:\WINDOWS\System32\msvcp_win.dll
0x00007ffb6ff00000 - 0x00007ffb70193000 	C:\WINDOWS\WinSxS\amd64_microsoft.windows.common-controls_6595b64144ccf1df_6.0.26100.8037_none_3e092faae333b53b\COMCTL32.dll
0x00007ffb923f0000 - 0x00007ffb92499000 	C:\WINDOWS\System32\msvcrt.dll
0x00007ffb88b60000 - 0x00007ffb88b7b000 	C:\Users\Mark\AppData\Local\Programs\IntelliJ IDEA\jbr\bin\VCRUNTIME140.dll
0x00007ffb923b0000 - 0x00007ffb923e1000 	C:\WINDOWS\System32\IMM32.DLL
0x00007ffb8a930000 - 0x00007ffb8a93c000 	C:\Users\Mark\AppData\Local\Programs\IntelliJ IDEA\jbr\bin\vcruntime140_1.dll
0x00007ffb24050000 - 0x00007ffb240dd000 	C:\Users\Mark\AppData\Local\Programs\IntelliJ IDEA\jbr\bin\msvcp140.dll
0x00007ffb08450000 - 0x00007ffb0921d000 	C:\Users\Mark\AppData\Local\Programs\IntelliJ IDEA\jbr\bin\server\jvm.dll
0x00007ffb91d90000 - 0x00007ffb91e4b000 	C:\WINDOWS\System32\ADVAPI32.dll
0x00007ffb91cb0000 - 0x00007ffb91d57000 	C:\WINDOWS\System32\sechost.dll
0x00007ffb91480000 - 0x00007ffb91598000 	C:\WINDOWS\System32\RPCRT4.dll
0x00007ffb926e0000 - 0x00007ffb92754000 	C:\WINDOWS\System32\WS2_32.dll
0x00007ffb8fe20000 - 0x00007ffb8fe7e000 	C:\WINDOWS\SYSTEM32\POWRPROF.dll
0x00007ffb84ee0000 - 0x00007ffb84f15000 	C:\WINDOWS\SYSTEM32\WINMM.dll
0x00007ffb7ba80000 - 0x00007ffb7ba8b000 	C:\WINDOWS\SYSTEM32\VERSION.dll
0x00007ffb8fdf0000 - 0x00007ffb8fe04000 	C:\WINDOWS\SYSTEM32\UMPDC.dll
0x00007ffb8ed30000 - 0x00007ffb8ed4b000 	C:\WINDOWS\SYSTEM32\kernel.appcore.dll
0x00007ffb88b50000 - 0x00007ffb88b5a000 	C:\Users\Mark\AppData\Local\Programs\IntelliJ IDEA\jbr\bin\jimage.dll
0x00007ffb8de80000 - 0x00007ffb8e0c2000 	C:\WINDOWS\SYSTEM32\DBGHELP.DLL
0x00007ffb92a90000 - 0x00007ffb92e12000 	C:\WINDOWS\System32\combase.dll
0x00007ffb929a0000 - 0x00007ffb92a77000 	C:\WINDOWS\System32\OLEAUT32.dll
0x00007ffb6aa60000 - 0x00007ffb6aa9b000 	C:\WINDOWS\SYSTEM32\dbgcore.DLL
0x00007ffb8ffc0000 - 0x00007ffb90065000 	C:\WINDOWS\System32\bcryptPrimitives.dll
0x00007ffb88ab0000 - 0x00007ffb88ad0000 	C:\Users\Mark\AppData\Local\Programs\IntelliJ IDEA\jbr\bin\java.dll

JVMTI agents: none

dbghelp: loaded successfully - version: 4.0.5 - missing functions: none
symbol engine: initialized successfully - sym options: 0x614 - pdb path: .;C:\Users\Mark\AppData\Local\Programs\IntelliJ IDEA\jbr\bin;C:\WINDOWS\SYSTEM32;C:\WINDOWS\WinSxS\amd64_microsoft.windows.common-controls_6595b64144ccf1df_6.0.26100.8037_none_3e092faae333b53b;C:\Users\Mark\AppData\Local\Programs\IntelliJ IDEA\jbr\bin\server

VM Arguments:
java_command: externalApp.nativessh.NativeSshAskPassApp Enter passphrase for key '/c/Users/Mark/.ssh/id_ed25519': 
java_class_path (initial): C:/Users/Mark/AppData/Local/Programs/IntelliJ IDEA/lib/externalProcess-rt.jar
Launcher Type: SUN_STANDARD

[Global flags]
     intx CICompilerCount                          = 4                                         {product} {ergonomic}
     uint ConcGCThreads                            = 3                                         {product} {ergonomic}
     uint G1ConcRefinementThreads                  = 10                                        {product} {ergonomic}
   size_t G1HeapRegionSize                         = 2097152                                   {product} {ergonomic}
    uintx GCDrainStackTargetSize                   = 64                                        {product} {ergonomic}
   size_t InitialHeapSize                          = 264241152                                 {product} {ergonomic}
   size_t MarkStackSize                            = 4194304                                   {product} {ergonomic}
   size_t MaxHeapSize                              = 4219469824                                {product} {ergonomic}
   size_t MinHeapDeltaBytes                        = 2097152                                   {product} {ergonomic}
   size_t MinHeapSize                              = 8388608                                   {product} {ergonomic}
    uintx NonNMethodCodeHeapSize                   = 5839372                                {pd product} {ergonomic}
    uintx NonProfiledCodeHeapSize                  = 122909434                              {pd product} {ergonomic}
    uintx ProfiledCodeHeapSize                     = 122909434                              {pd product} {ergonomic}
    uintx ReservedCodeCacheSize                    = 251658240                              {pd product} {ergonomic}
     bool SegmentedCodeCache                       = true                                      {product} {ergonomic}
   size_t SoftMaxHeapSize                          = 4219469824                             {manageable} {ergonomic}
     bool UseCompressedOops                        = true                           {product lp64_product} {ergonomic}
     bool UseG1GC                                  = true                                      {product} {ergonomic}
     bool UseLargePagesIndividualAllocation        = false                                  {pd product} {ergonomic}

Logging:
Log output configuration:
 #0: stdout all=warning uptime,level,tags foldmultilines=false
 #1: stderr all=off uptime,level,tags foldmultilines=false

Release file:
<release file has not been read>
Environment Variables:
JAVA_HOME=C:\Program Files\java\jdk25.0.2_10
PATH=C:\Program Files\Git\mingw64\libexec\git-core;C:\Program Files\Git\mingw64\bin;C:\Program Files\Git\usr\bin;C:\Users\Mark\bin;C:\Program Files\java\jdk25.0.2_10\bin;C:\Program Files\java\jdk21.0.10_7\bin;C:\windows\system32;C:\windows;C:\windows\System32\Wbem;C:\windows\System32\WindowsPowerShell\v1.0;C:\windows\System32\OpenSSH;C:\Program Files\HP\HP One Agent;C:\WINDOWS\system32;C:\WINDOWS;C:\WINDOWS\System32\Wbem;C:\WINDOWS\System32\WindowsPowerShell\v1.0;C:\WINDOWS\System32\OpenSSH;C:\Program Files (x86)\HID Global\ActivClient;C:\Program Files\HID Global\ActivClient;C:\Program Files\Git\cmd;C:\Program Files\Docker\Docker\resources\bin;C:\Program Files\PowerShell\7;C:\Users\Mark\AppData\Local\Programs\Python\Launcher;C:\Users\Mark\AppData\Local\Microsoft\WindowsApps;C:\Users\Mark\AppData\Local\JetBrains\Toolbox\scripts;%USERPROFILE%\AppData\Local\Microsoft\WindowsApps
USERNAME=Mark
DISPLAY=:0.0
LC_ALL=en_US.UTF-8
TERM=xterm-256color
TMPDIR=C:\Users\Mark\AppData\Local\Temp
OS=Windows_NT
PROCESSOR_IDENTIFIER=Intel64 Family 6 Model 186 Stepping 3, GenuineIntel
TMP=C:\Users\Mark\AppData\Local\Temp
TEMP=C:\Users\Mark\AppData\Local\Temp




Periodic native trim disabled

JNI global refs:
JNI global refs: 0, weak refs: 0

JNI global refs memory usage: 0, weak refs: 0

Process memory usage:
Resident Set Size: 12412K (0% of 16481336K total physical memory with 17868K free physical memory)

OOME stack traces (most recent first):
Classloader memory used:

---------------  S Y S T E M  ---------------

OS:
 Windows 11 , 64 bit Build 26100 (10.0.26100.7920)
OS uptime: 7 days 10:05 hours
Hyper-V role detected

CPU: total 12 (initial active 12) (6 cores per cpu, 2 threads per core) family 6 model 186 stepping 3 microcode 0x4121, cx8, cmov, fxsr, ht, mmx, 3dnowpref, sse, sse2, sse3, ssse3, sse4.1, sse4.2, popcnt, lzcnt, tsc, tscinvbit, avx, avx2, aes, erms, clmul, bmi1, bmi2, adx, sha, fma, vzeroupper, clflush, clflushopt, clwb, hv, serialize, rdtscp, rdpid, fsrm, f16c, cet_ibt, cet_ss
Processor Information for processor 0
  Max Mhz: 1700, Current Mhz: 1700, Mhz Limit: 1700
Processor Information for processor 1
  Max Mhz: 1700, Current Mhz: 1700, Mhz Limit: 1700
Processor Information for processor 2
  Max Mhz: 1700, Current Mhz: 1700, Mhz Limit: 1700
Processor Information for processor 3
  Max Mhz: 1700, Current Mhz: 1700, Mhz Limit: 1700
Processor Information for processor 4
  Max Mhz: 1700, Current Mhz: 1200, Mhz Limit: 1190
Processor Information for processor 5
  Max Mhz: 1700, Current Mhz: 1200, Mhz Limit: 1190
Processor Information for processor 6
  Max Mhz: 1700, Current Mhz: 1200, Mhz Limit: 1190
Processor Information for processor 7
  Max Mhz: 1700, Current Mhz: 1200, Mhz Limit: 1190
Processor Information for processor 8
  Max Mhz: 1700, Current Mhz: 1200, Mhz Limit: 1190
Processor Information for processor 9
  Max Mhz: 1700, Current Mhz: 1200, Mhz Limit: 1190
Processor Information for processor 10
  Max Mhz: 1700, Current Mhz: 1200, Mhz Limit: 1190
Processor Information for processor 11
  Max Mhz: 1700, Current Mhz: 1200, Mhz Limit: 1190

Memory: 4k page, system-wide physical 16095M (17M free)
TotalPageFile size 65247M (AvailPageFile size 1M)
current process WorkingSet (physical memory assigned to process): 12M, peak: 12M
current process commit charge ("private bytes"): 64M, peak: 316M

vm_info: OpenJDK 64-Bit Server VM (21.0.9+1-b1163.86) for windows-amd64 JRE (21.0.9+1-b1163.86), built on 2025-12-02 by "builduser" with MS VC++ 16.10 / 16.11 (VS2019)

END.
